2024-10-19T14:06:21.937+09:00  INFO 8780 --- [spring-task] [main] o.s.springtask.SpringTaskApplication     : Starting SpringTaskApplication using Java 17.0.12 with PID 8780 (D:\bootcamp\project\spring-task\build\classes\java\main started by user in D:\bootcamp\project\spring-task)
2024-10-19T14:06:21.951+09:00  INFO 8780 --- [spring-task] [main] o.s.springtask.SpringTaskApplication     : The following 2 profiles are active: "private", "dev"
2024-10-19T14:06:23.236+09:00  INFO 8780 --- [spring-task] [main] .s.d.r.c.RepositoryConfigurationDelegate : Bootstrapping Spring Data JPA repositories in DEFAULT mode.
2024-10-19T14:06:23.304+09:00  INFO 8780 --- [spring-task] [main] .s.d.r.c.RepositoryConfigurationDelegate : Finished Spring Data repository scanning in 62 ms. Found 1 JPA repository interface.
2024-10-19T14:06:23.948+09:00  INFO 8780 --- [spring-task] [main] o.s.b.w.embedded.tomcat.TomcatWebServer  : Tomcat initialized with port 9090 (http)
2024-10-19T14:06:23.960+09:00  INFO 8780 --- [spring-task] [main] o.apache.catalina.core.StandardService   : Starting service [Tomcat]
2024-10-19T14:06:23.961+09:00  INFO 8780 --- [spring-task] [main] o.apache.catalina.core.StandardEngine    : Starting Servlet engine: [Apache Tomcat/10.1.30]
2024-10-19T14:06:24.031+09:00  INFO 8780 --- [spring-task] [main] o.a.c.c.C.[Tomcat].[localhost].[/]       : Initializing Spring embedded WebApplicationContext
2024-10-19T14:06:24.031+09:00  INFO 8780 --- [spring-task] [main] w.s.c.ServletWebServerApplicationContext : Root WebApplicationContext: initialization completed in 2032 ms
2024-10-19T14:06:24.216+09:00  INFO 8780 --- [spring-task] [main] o.hibernate.jpa.internal.util.LogHelper  : HHH000204: Processing PersistenceUnitInfo [name: default]
2024-10-19T14:06:24.297+09:00  INFO 8780 --- [spring-task] [main] org.hibernate.Version                    : HHH000412: Hibernate ORM core version 6.5.3.Final
2024-10-19T14:06:24.335+09:00  INFO 8780 --- [spring-task] [main] o.h.c.internal.RegionFactoryInitiator    : HHH000026: Second-level cache disabled
2024-10-19T14:06:24.658+09:00  INFO 8780 --- [spring-task] [main] o.s.o.j.p.SpringPersistenceUnitInfo      : No LoadTimeWeaver setup: ignoring JPA class transformer
2024-10-19T14:06:24.691+09:00  INFO 8780 --- [spring-task] [main] com.zaxxer.hikari.HikariDataSource       : HikariPool-1 - Starting...
2024-10-19T14:06:24.826+09:00  INFO 8780 --- [spring-task] [main] com.zaxxer.hikari.pool.HikariPool        : HikariPool-1 - Added connection com.mysql.cj.jdbc.ConnectionImpl@d512c1
2024-10-19T14:06:24.828+09:00  INFO 8780 --- [spring-task] [main] com.zaxxer.hikari.HikariDataSource       : HikariPool-1 - Start completed.
2024-10-19T14:06:24.848+09:00  WARN 8780 --- [spring-task] [main] o.h.e.j.e.i.JdbcEnvironmentInitiator     : HHH000339: Could not obtain connection metadata: java.sql.SQLSyntaxErrorException: Unknown column 'RESERVED' in 'where clause'
2024-10-19T14:06:24.868+09:00  WARN 8780 --- [spring-task] [main] org.hibernate.orm.deprecation            : HHH90000025: MySQLDialect does not need to be specified explicitly using 'hibernate.dialect' (remove the property setting and it will be selected by default)
2024-10-19T14:06:25.674+09:00  INFO 8780 --- [spring-task] [main] o.h.e.t.j.p.i.JtaPlatformInitiator       : HHH000489: No JTA platform available (set 'hibernate.transaction.jta.platform' to enable JTA platform integration)
2024-10-19T14:06:25.677+09:00  INFO 8780 --- [spring-task] [main] j.LocalContainerEntityManagerFactoryBean : Initialized JPA EntityManagerFactory for persistence unit 'default'
2024-10-19T14:06:26.045+09:00  WARN 8780 --- [spring-task] [main] JpaBaseConfiguration$JpaWebConfiguration : spring.jpa.open-in-view is enabled by default. Therefore, database queries may be performed during view rendering. Explicitly configure spring.jpa.open-in-view to disable this warning
2024-10-19T14:06:26.066+09:00  WARN 8780 --- [spring-task] [main] .s.s.UserDetailsServiceAutoConfiguration : 

Using generated security password: 929ebcdf-85f2-4bf8-8dca-0c02e3d5f062

This generated password is for development use only. Your security configuration must be updated before running your application in production.

2024-10-19T14:06:26.073+09:00  INFO 8780 --- [spring-task] [main] r$InitializeUserDetailsManagerConfigurer : Global AuthenticationManager configured with UserDetailsService bean with name inMemoryUserDetailsManager
2024-10-19T14:06:26.601+09:00  INFO 8780 --- [spring-task] [main] o.s.b.w.embedded.tomcat.TomcatWebServer  : Tomcat started on port 9090 (http) with context path '/'
2024-10-19T14:06:26.610+09:00  INFO 8780 --- [spring-task] [main] o.s.springtask.SpringTaskApplication     : Started SpringTaskApplication in 5.141 seconds (process running for 5.889)
2024-10-19T14:06:47.886+09:00  INFO 8780 --- [spring-task] [http-nio-9090-exec-2] o.a.c.c.C.[Tomcat].[localhost].[/]       : Initializing Spring DispatcherServlet 'dispatcherServlet'
2024-10-19T14:06:47.886+09:00  INFO 8780 --- [spring-task] [http-nio-9090-exec-2] o.s.web.servlet.DispatcherServlet        : Initializing Servlet 'dispatcherServlet'
2024-10-19T14:06:47.887+09:00  INFO 8780 --- [spring-task] [http-nio-9090-exec-2] o.s.web.servlet.DispatcherServlet        : Completed initialization in 1 ms
2024-10-19T14:06:48.207+09:00 TRACE 8780 --- [spring-task] [http-nio-9090-xec-2] org.hibernate.orm.jdbc.bind              : binding parameter (1:VARCHAR) <- [test@test.com]
2024-10-19T14:07:45.347+09:00 TRACE 8780 --- [spring-task] [http-nio-9090-exec-3] org.hibernate.orm.jdbc.bind              : binding parameter (1:VARCHAR) <- [test@test.com]
2024-10-19T14:08:57.386+09:00  INFO 8780 --- [spring-task] [SpringApplicationShutdownHook] j.LocalContainerEntityManagerFactoryBean : Closing JPA EntityManagerFactory for persistence unit 'default'
2024-10-19T14:08:57.387+09:00  INFO 8780 --- [spring-task] [SpringApplicationShutdownHook] com.zaxxer.hikari.HikariDataSource       : HikariPool-1 - Shutdown initiated...
2024-10-19T14:08:57.394+09:00  INFO 8780 --- [spring-task] [SpringApplicationShutdownHook] com.zaxxer.hikari.HikariDataSource       : HikariPool-1 - Shutdown completed.
2024-10-19 14:08:59,923 [main] INFO  o.s.springtask.SpringTaskApplication -Starting SpringTaskApplication using Java 17.0.12 with PID 21836 (D:\bootcamp\project\spring-task\build\classes\java\main started by user in D:\bootcamp\project\spring-task)
}  INFO 21836 --- [spring-task] [main] o.s.springtask.SpringTaskApplication     : Starting SpringTaskApplication using Java 17.0.12 with PID 21836 (D:\bootcamp\project\spring-task\build\classes\java\main started by user in D:\bootcamp\project\spring-task)
2024-10-19 14:08:59,925 [main] INFO  o.s.springtask.SpringTaskApplication -The following 2 profiles are active: "private", "dev"
}  INFO 21836 --- [spring-task] [main] o.s.springtask.SpringTaskApplication     : The following 2 profiles are active: "private", "dev"
2024-10-19 14:09:00,541 [main] INFO  o.s.d.r.c.RepositoryConfigurationDelegate -Bootstrapping Spring Data JPA repositories in DEFAULT mode.
}  INFO 21836 --- [spring-task] [main] .s.d.r.c.RepositoryConfigurationDelegate : Bootstrapping Spring Data JPA repositories in DEFAULT mode.
2024-10-19 14:09:00,598 [main] INFO  o.s.d.r.c.RepositoryConfigurationDelegate -Finished Spring Data repository scanning in 52 ms. Found 1 JPA repository interface.
}  INFO 21836 --- [spring-task] [main] .s.d.r.c.RepositoryConfigurationDelegate : Finished Spring Data repository scanning in 52 ms. Found 1 JPA repository interface.
2024-10-19 14:09:01,151 [main] INFO  o.s.b.w.e.tomcat.TomcatWebServer -Tomcat initialized with port 9090 (http)
}  INFO 21836 --- [spring-task] [main] o.s.b.w.embedded.tomcat.TomcatWebServer  : Tomcat initialized with port 9090 (http)
2024-10-19 14:09:01,162 [main] INFO  o.a.catalina.core.StandardService -Starting service [Tomcat]
}  INFO 21836 --- [spring-task] [main] o.apache.catalina.core.StandardService   : Starting service [Tomcat]
2024-10-19 14:09:01,162 [main] INFO  o.a.catalina.core.StandardEngine -Starting Servlet engine: [Apache Tomcat/10.1.30]
}  INFO 21836 --- [spring-task] [main] o.apache.catalina.core.StandardEngine    : Starting Servlet engine: [Apache Tomcat/10.1.30]
2024-10-19 14:09:01,223 [main] INFO  o.a.c.c.C.[Tomcat].[localhost].[/] -Initializing Spring embedded WebApplicationContext
}  INFO 21836 --- [spring-task] [main] o.a.c.c.C.[Tomcat].[localhost].[/]       : Initializing Spring embedded WebApplicationContext
2024-10-19 14:09:01,224 [main] INFO  o.s.b.w.s.c.ServletWebServerApplicationContext -Root WebApplicationContext: initialization completed in 1266 ms
}  INFO 21836 --- [spring-task] [main] w.s.c.ServletWebServerApplicationContext : Root WebApplicationContext: initialization completed in 1266 ms
2024-10-19 14:09:01,383 [main] INFO  o.h.jpa.internal.util.LogHelper -HHH000204: Processing PersistenceUnitInfo [name: default]
}  INFO 21836 --- [spring-task] [main] o.hibernate.jpa.internal.util.LogHelper  : HHH000204: Processing PersistenceUnitInfo [name: default]
2024-10-19 14:09:01,441 [main] INFO  org.hibernate.Version -HHH000412: Hibernate ORM core version 6.5.3.Final
}  INFO 21836 --- [spring-task] [main] org.hibernate.Version                    : HHH000412: Hibernate ORM core version 6.5.3.Final
2024-10-19 14:09:01,471 [main] INFO  o.h.c.i.RegionFactoryInitiator -HHH000026: Second-level cache disabled
}  INFO 21836 --- [spring-task] [main] o.h.c.internal.RegionFactoryInitiator    : HHH000026: Second-level cache disabled
2024-10-19 14:09:01,744 [main] INFO  o.s.o.j.p.SpringPersistenceUnitInfo -No LoadTimeWeaver setup: ignoring JPA class transformer
}  INFO 21836 --- [spring-task] [main] o.s.o.j.p.SpringPersistenceUnitInfo      : No LoadTimeWeaver setup: ignoring JPA class transformer
2024-10-19 14:09:01,770 [main] INFO  com.zaxxer.hikari.HikariDataSource -HikariPool-1 - Starting...
}  INFO 21836 --- [spring-task] [main] com.zaxxer.hikari.HikariDataSource       : HikariPool-1 - Starting...
2024-10-19 14:09:01,885 [main] INFO  com.zaxxer.hikari.pool.HikariPool -HikariPool-1 - Added connection com.mysql.cj.jdbc.ConnectionImpl@70439c3
}  INFO 21836 --- [spring-task] [main] com.zaxxer.hikari.pool.HikariPool        : HikariPool-1 - Added connection com.mysql.cj.jdbc.ConnectionImpl@70439c3
2024-10-19 14:09:01,886 [main] INFO  com.zaxxer.hikari.HikariDataSource -HikariPool-1 - Start completed.
}  INFO 21836 --- [spring-task] [main] com.zaxxer.hikari.HikariDataSource       : HikariPool-1 - Start completed.
2024-10-19 14:09:01,904 [main] WARN  o.h.e.j.e.i.JdbcEnvironmentInitiator -HHH000339: Could not obtain connection metadata: java.sql.SQLSyntaxErrorException: Unknown column 'RESERVED' in 'where clause'
}  WARN 21836 --- [spring-task] [main] o.h.e.j.e.i.JdbcEnvironmentInitiator     : HHH000339: Could not obtain connection metadata: java.sql.SQLSyntaxErrorException: Unknown column 'RESERVED' in 'where clause'
2024-10-19 14:09:01,917 [main] WARN  org.hibernate.orm.deprecation -HHH90000025: MySQLDialect does not need to be specified explicitly using 'hibernate.dialect' (remove the property setting and it will be selected by default)
}  WARN 21836 --- [spring-task] [main] org.hibernate.orm.deprecation            : HHH90000025: MySQLDialect does not need to be specified explicitly using 'hibernate.dialect' (remove the property setting and it will be selected by default)
2024-10-19 14:09:02,614 [main] INFO  o.h.e.t.j.p.i.JtaPlatformInitiator -HHH000489: No JTA platform available (set 'hibernate.transaction.jta.platform' to enable JTA platform integration)
}  INFO 21836 --- [spring-task] [main] o.h.e.t.j.p.i.JtaPlatformInitiator       : HHH000489: No JTA platform available (set 'hibernate.transaction.jta.platform' to enable JTA platform integration)
2024-10-19 14:09:02,616 [main] INFO  o.s.o.j.LocalContainerEntityManagerFactoryBean -Initialized JPA EntityManagerFactory for persistence unit 'default'
}  INFO 21836 --- [spring-task] [main] j.LocalContainerEntityManagerFactoryBean : Initialized JPA EntityManagerFactory for persistence unit 'default'
2024-10-19 14:09:02,962 [main] WARN  o.s.b.a.o.j.JpaBaseConfiguration$JpaWebConfiguration -spring.jpa.open-in-view is enabled by default. Therefore, database queries may be performed during view rendering. Explicitly configure spring.jpa.open-in-view to disable this warning
}  WARN 21836 --- [spring-task] [main] JpaBaseConfiguration$JpaWebConfiguration : spring.jpa.open-in-view is enabled by default. Therefore, database queries may be performed during view rendering. Explicitly configure spring.jpa.open-in-view to disable this warning
2024-10-19 14:09:02,982 [main] WARN  o.s.b.a.s.s.UserDetailsServiceAutoConfiguration -

Using generated security password: d03df2d3-881c-4bf1-ac89-2bd18a4dba40

This generated password is for development use only. Your security configuration must be updated before running your application in production.

}  WARN 21836 --- [spring-task] [main] .s.s.UserDetailsServiceAutoConfiguration : 

Using generated security password: d03df2d3-881c-4bf1-ac89-2bd18a4dba40

This generated password is for development use only. Your security configuration must be updated before running your application in production.

2024-10-19 14:09:02,989 [main] INFO  o.s.s.c.a.a.c.InitializeUserDetailsBeanManagerConfigurer$InitializeUserDetailsManagerConfigurer -Global AuthenticationManager configured with UserDetailsService bean with name inMemoryUserDetailsManager
}  INFO 21836 --- [spring-task] [main] r$InitializeUserDetailsManagerConfigurer : Global AuthenticationManager configured with UserDetailsService bean with name inMemoryUserDetailsManager
2024-10-19 14:09:03,507 [main] INFO  o.s.b.w.e.tomcat.TomcatWebServer -Tomcat started on port 9090 (http) with context path '/'
}  INFO 21836 --- [spring-task] [main] o.s.b.w.embedded.tomcat.TomcatWebServer  : Tomcat started on port 9090 (http) with context path '/'
2024-10-19 14:09:03,514 [main] INFO  o.s.springtask.SpringTaskApplication -Started SpringTaskApplication in 3.985 seconds (process running for 4.5)
}  INFO 21836 --- [spring-task] [main] o.s.springtask.SpringTaskApplication     : Started SpringTaskApplication in 3.985 seconds (process running for 4.5)
2024-10-19 14:09:06,781 [http-nio-9090-exec-1] INFO  o.a.c.c.C.[Tomcat].[localhost].[/] -Initializing Spring DispatcherServlet 'dispatcherServlet'
}  INFO 21836 --- [spring-task] [http-nio-9090-exec-1] o.a.c.c.C.[Tomcat].[localhost].[/]       : Initializing Spring DispatcherServlet 'dispatcherServlet'
2024-10-19 14:09:06,782 [http-nio-9090-exec-1] INFO  o.s.web.servlet.DispatcherServlet -Initializing Servlet 'dispatcherServlet'
}  INFO 21836 --- [spring-task] [http-nio-9090-exec-1] o.s.web.servlet.DispatcherServlet        : Initializing Servlet 'dispatcherServlet'
2024-10-19 14:09:06,782 [http-nio-9090-exec-1] INFO  o.s.web.servlet.DispatcherServlet -Completed initialization in 0 ms
}  INFO 21836 --- [spring-task] [http-nio-9090-exec-1] o.s.web.servlet.DispatcherServlet        : Completed initialization in 0 ms
2024-10-19 14:09:07,010 [http-nio-9090-exec-1] TRACE org.hibernate.orm.jdbc.bind -binding parameter (1:VARCHAR) <- [test@test.com]
} TRACE 21836 --- [spring-task] [http-nio-9090-exec-1] org.hibernate.orm.jdbc.bind              : binding parameter (1:VARCHAR) <- [test@test.com]
2024-10-19 14:10:00,654 [SpringApplicationShutdownHook] INFO  o.s.o.j.LocalContainerEntityManagerFactoryBean -Closing JPA EntityManagerFactory for persistence unit 'default'
}  INFO 21836 --- [spring-task] [SpringApplicationShutdownHook] j.LocalContainerEntityManagerFactoryBean : Closing JPA EntityManagerFactory for persistence unit 'default'
2024-10-19 14:10:00,656 [SpringApplicationShutdownHook] INFO  com.zaxxer.hikari.HikariDataSource -HikariPool-1 - Shutdown initiated...
}  INFO 21836 --- [spring-task] [SpringApplicationShutdownHook] com.zaxxer.hikari.HikariDataSource       : HikariPool-1 - Shutdown initiated...
2024-10-19 14:10:00,661 [SpringApplicationShutdownHook] INFO  com.zaxxer.hikari.HikariDataSource -HikariPool-1 - Shutdown completed.
}  INFO 21836 --- [spring-task] [SpringApplicationShutdownHook] com.zaxxer.hikari.HikariDataSource       : HikariPool-1 - Shutdown completed.
